<?xml version="1.0" encoding="UTF-8"?>
<!-- Generated by org.testng.reporters.JUnitReportReporter -->
<testsuite hostname="Swati" failures="0" tests="3" name="swatikagalkarprojects.Tests.SubmitOrderTest" time="36.387" errors="0" timestamp="2024-11-07T14:07:09 IST" skipped="0">
  <testcase classname="swatikagalkarprojects.Tests.SubmitOrderTest" name="submitOrder" time="16.383"/>
  <testcase classname="swatikagalkarprojects.Tests.SubmitOrderTest" name="submitOrder" time="17.318"/>
  <testcase classname="swatikagalkarprojects.Tests.SubmitOrderTest" name="orderHistoryTest" time="2.686"/>
</testsuite> <!-- swatikagalkarprojects.Tests.SubmitOrderTest -->
