<?xml version="1.0" encoding="UTF-8"?>
<!-- Generated by org.testng.reporters.JUnitReportReporter -->
<testsuite hostname="Swati" failures="0" tests="3" name="swatikagalkarprojects.Tests.SubmitOrderTest" time="40.633" errors="0" timestamp="2024-11-07T14:47:07 IST" skipped="0">
  <testcase classname="swatikagalkarprojects.Tests.SubmitOrderTest" name="submitOrder" time="18.592"/>
  <testcase classname="swatikagalkarprojects.Tests.SubmitOrderTest" name="orderHistoryTest" time="4.390"/>
  <testcase classname="swatikagalkarprojects.Tests.SubmitOrderTest" name="submitOrder" time="17.651"/>
</testsuite> <!-- swatikagalkarprojects.Tests.SubmitOrderTest -->
